0 info it worked if it ends with ok
1 verbose cli [ '/usr/local/bin/node',
1 verbose cli   '/usr/local/bin/npm',
1 verbose cli   'install',
1 verbose cli   'grunt-contrib-imagemin',
1 verbose cli   '--save-dev',
1 verbose cli   '-g' ]
2 info using npm@1.2.25
3 info using node@v0.10.10
4 verbose read json /usr/local/lib/package.json
5 verbose read json /usr/local/lib/package.json
6 verbose cache add [ 'grunt-contrib-imagemin', null ]
7 verbose cache add name=undefined spec="grunt-contrib-imagemin" args=["grunt-contrib-imagemin",null]
8 verbose parsed url { protocol: null,
8 verbose parsed url   slashes: null,
8 verbose parsed url   auth: null,
8 verbose parsed url   host: null,
8 verbose parsed url   port: null,
8 verbose parsed url   hostname: null,
8 verbose parsed url   hash: null,
8 verbose parsed url   search: null,
8 verbose parsed url   query: null,
8 verbose parsed url   pathname: 'grunt-contrib-imagemin',
8 verbose parsed url   path: 'grunt-contrib-imagemin',
8 verbose parsed url   href: 'grunt-contrib-imagemin' }
9 silly lockFile d53d0dd9-grunt-contrib-imagemin grunt-contrib-imagemin
10 verbose lock grunt-contrib-imagemin /Users/ryanstewart/.npm/d53d0dd9-grunt-contrib-imagemin.lock
11 silly lockFile d53d0dd9-grunt-contrib-imagemin grunt-contrib-imagemin
12 silly lockFile d53d0dd9-grunt-contrib-imagemin grunt-contrib-imagemin
13 verbose addNamed [ 'grunt-contrib-imagemin', '' ]
14 verbose addNamed [ null, '' ]
15 silly lockFile 400cb004-grunt-contrib-imagemin grunt-contrib-imagemin@
16 verbose lock grunt-contrib-imagemin@ /Users/ryanstewart/.npm/400cb004-grunt-contrib-imagemin.lock
17 silly addNameRange { name: 'grunt-contrib-imagemin', range: '', hasData: false }
18 verbose registry.get grunt-contrib-imagemin not expired, no request
19 silly addNameRange number 2 { name: 'grunt-contrib-imagemin', range: '', hasData: true }
20 silly addNameRange versions [ 'grunt-contrib-imagemin',
20 silly addNameRange   [ '0.1.0',
20 silly addNameRange     '0.1.1',
20 silly addNameRange     '0.1.2',
20 silly addNameRange     '0.1.3',
20 silly addNameRange     '0.1.4',
20 silly addNameRange     '0.1.1-rc7',
20 silly addNameRange     '0.1.1-rc8',
20 silly addNameRange     '0.2.0',
20 silly addNameRange     '0.2.1',
20 silly addNameRange     '0.3.0',
20 silly addNameRange     '0.4.0',
20 silly addNameRange     '0.4.1',
20 silly addNameRange     '0.5.0',
20 silly addNameRange     '0.6.0',
20 silly addNameRange     '0.6.1',
20 silly addNameRange     '0.7.0' ] ]
21 verbose addNamed [ 'grunt-contrib-imagemin', '0.7.0' ]
22 verbose addNamed [ '0.7.0', '0.7.0' ]
23 silly lockFile 84868ff2-grunt-contrib-imagemin-0-7-0 grunt-contrib-imagemin@0.7.0
24 verbose lock grunt-contrib-imagemin@0.7.0 /Users/ryanstewart/.npm/84868ff2-grunt-contrib-imagemin-0-7-0.lock
25 verbose read json /Users/ryanstewart/.npm/grunt-contrib-imagemin/0.7.0/package/package.json
26 silly lockFile 84868ff2-grunt-contrib-imagemin-0-7-0 grunt-contrib-imagemin@0.7.0
27 silly lockFile 84868ff2-grunt-contrib-imagemin-0-7-0 grunt-contrib-imagemin@0.7.0
28 silly lockFile 400cb004-grunt-contrib-imagemin grunt-contrib-imagemin@
29 silly lockFile 400cb004-grunt-contrib-imagemin grunt-contrib-imagemin@
30 silly resolved [ { name: 'grunt-contrib-imagemin',
30 silly resolved     description: 'Minify images',
30 silly resolved     version: '0.7.0',
30 silly resolved     author: { name: 'Grunt Team', url: 'http://gruntjs.com/' },
30 silly resolved     repository: { type: 'git', url: 'gruntjs/grunt-contrib-imagemin' },
30 silly resolved     licenses: [ [Object] ],
30 silly resolved     engines: { node: '>=0.10.0' },
30 silly resolved     scripts: { test: 'grunt test' },
30 silly resolved     dependencies:
30 silly resolved      { async: '^0.7.0',
30 silly resolved        chalk: '^0.4.0',
30 silly resolved        imagemin: '^0.4.5',
30 silly resolved        mkdirp: '^0.4.0',
30 silly resolved        'pretty-bytes': '^0.1.0' },
30 silly resolved     devDependencies:
30 silly resolved      { grunt: '^0.4.0',
30 silly resolved        'grunt-contrib-clean': '^0.5.0',
30 silly resolved        'grunt-contrib-internal': '^0.4.6',
30 silly resolved        'grunt-contrib-jshint': '^0.10.0',
30 silly resolved        'grunt-contrib-nodeunit': '^0.3.3',
30 silly resolved        'time-grunt': '^0.3.1' },
30 silly resolved     peerDependencies: { grunt: '^0.4.0' },
30 silly resolved     keywords:
30 silly resolved      [ 'gruntplugin',
30 silly resolved        'compress',
30 silly resolved        'gif',
30 silly resolved        'image',
30 silly resolved        'img',
30 silly resolved        'jpeg',
30 silly resolved        'jpg',
30 silly resolved        'minify',
30 silly resolved        'png' ],
30 silly resolved     files: [ 'tasks', 'LICENSE-MIT' ],
30 silly resolved     readme: '# grunt-contrib-imagemin v0.7.0 [![Build Status](https://travis-ci.org/gruntjs/grunt-contrib-imagemin.png?branch=master)](https://travis-ci.org/gruntjs/grunt-contrib-imagemin)\n\n> Minify images\n\n\n\n## Getting Started\nThis plugin requires Grunt `^0.4.0`\n\nIf you haven\'t used [Grunt](http://gruntjs.com/) before, be sure to check out the [Getting Started](http://gruntjs.com/getting-started) guide, as it explains how to create a [Gruntfile](http://gruntjs.com/sample-gruntfile) as well as install and use Grunt plugins. Once you\'re familiar with that process, you may install this plugin with this command:\n\n```shell\nnpm install grunt-contrib-imagemin --save-dev\n```\n\nOnce the plugin has been installed, it may be enabled inside your Gruntfile with this line of JavaScript:\n\n```js\ngrunt.loadNpmTasks(\'grunt-contrib-imagemin\');\n```\n\n\n\n\n## Imagemin task\n_Run this task with the `grunt imagemin` command._\n\nMinify images using [imagemin](https://github.com/kevva/imagemin).\n\nComes bundled with the following optimizers:\n\n- [gifsicle](https://github.com/kevva/imagemin-gifsicle) — *Compress GIF images*\n- [jpegtran](https://github.com/kevva/imagemin-jpegtran) — *Compress JPEG images*\n- [optipng](https://github.com/kevva/imagemin-optipng) — *Compress PNG images*\n- [svgo](https://github.com/kevva/imagemin-svgo) — *Compress SVG images*\n\nWe recommend using [grunt-newer](https://github.com/tschaub/grunt-newer) to only process changed files as minifying images can be quite slow.\n\n### Options\n\nOptions will only apply to the relevant files, so you don\'t need separate targets for png/jpg.\n\n\n#### optimizationLevel *(png)*\n\nType: `Number`  \nDefault: `3`\n\nSelect optimization level between `0` and `7`.\n\n> The optimization level 0 enables a set of optimization operations that require minimal effort. There will be no changes to image attributes like bit depth or color type, and no recompression of existing IDAT datastreams. The optimization level 1 enables a single IDAT compression trial. The trial chosen is what. OptiPNG thinks it’s probably the most effective. The optimization levels 2 and higher enable multiple IDAT compression trials; the higher the level, the more trials.\n\nLevel and trials:\n\n1. 1 trial\n2. 8 trials\n3. 16 trials\n4. 24 trials\n5. 48 trials\n6. 120 trials\n7. 240 trials\n\n\n#### progressive *(jpg)*\n\nType: `Boolean`  \nDefault: `true`\n\nLossless conversion to progressive.\n\n\n#### interlaced *(gif)*\n\nType: `Boolean`  \nDefault: `true`\n\nInterlace gif for progressive rendering.\n\n\n#### use\n\nType: `Array`  \nDefault: `null`\n\nAdditional [plugins](https://npmjs.org/keyword/imageminplugin) to use with imagemin.\n\n#### Example config\n\nYou can either map your files statically or [dynamically](http://gruntjs.com/configuring-tasks#building-the-files-object-dynamically).\n\n```js\nvar mozjpeg = require(\'imagemin-mozjpeg\');\n\ngrunt.initConfig({\n  imagemin: {                          // Task\n    static: {                          // Target\n      options: {                       // Target options\n        optimizationLevel: 3,\n        use: [mozjpeg()]\n      },\n      files: {                         // Dictionary of files\n        \'dist/img.png\': \'src/img.png\', // \'destination\': \'source\'\n        \'dist/img.jpg\': \'src/img.jpg\',\n        \'dist/img.gif\': \'src/img.gif\'\n      }\n    },\n    dynamic: {                         // Another target\n      files: [{\n        expand: true,                  // Enable dynamic expansion\n        cwd: \'src/\',                   // Src matches are relative to this path\n        src: [\'**/*.{png,jpg,gif}\'],   // Actual patterns to match\n        dest: \'dist/\'                  // Destination path prefix\n      }]\n    }\n  }\n});\n\ngrunt.loadNpmTasks(\'grunt-contrib-imagemin\');\ngrunt.registerTask(\'default\', [\'imagemin\']);\n```\n\n\n## Release History\n\n * 2014-04-29   v0.7.0   Update "imagemin" to 0.4\n * 2014-04-01   v0.6.1   Fix problem with corrupt images being created\n * 2014-03-28   v0.6.0   Updated "imagemin" to 0.2 Added percentage to size saved view - fixes cache option removed. Adds "pretty-bytes".\n * 2014-01-13   v0.5.0   Extract the logic into an external lib [imagemin](https://github.com/kevva/imagemin).\n * 2014-01-08   v0.4.1   Prevent "Maximum call stack size exceeded". Speed up loading this task by lazy requiring bin deps.\n * 2013-11-22   v0.4.0   The `pngquant` option is now `false` by default instead of `true`.\n * 2013-09-09   v0.3.0   Add `interlace` option for gif files.\n * 2013-08-16   v0.2.0   Add `gifsicle` and `pngquant`. Cache images so only changed images are optimized. Default `optimizationLevel` to `7` and `progressive` to `true`.\n * 2013-04-10   v0.1.4   Fix exception when running in verbose mode.\n * 2013-04-05   v0.1.3   Fix OptiPNG not being able to overwrite file. Allow overwriting src when dest/src is the same. Limit to 10 concurrent optimizations.\n * 2013-02-22   v0.1.2   Fix OptiPNG not working on some systems. Prevent OptiPNG from producing .bak files.\n * 2013-02-15   v0.1.1   First official release for Grunt 0.4.0.\n * 2013-01-30   v0.1.1rc8   Fix task not creating destination folders\n * 2013-01-30   v0.1.1rc7   Updating to work with grunt v0.4.0rc7. Switching to this.files api.\n * 2012-11-01   v0.1.0   Initial release.\n\n---\n\nTask submitted by [Sindre Sorhus](http://github.com/sindresorhus)\n\n*This file was generated on Tue Apr 29 2014 16:48:53.*\n',
30 silly resolved     readmeFilename: 'README.md',
30 silly resolved     _id: 'grunt-contrib-imagemin@0.7.0',
30 silly resolved     _from: 'grunt-contrib-imagemin@' } ]
31 info install grunt-contrib-imagemin@0.7.0 into /usr/local/lib
32 info installOne grunt-contrib-imagemin@0.7.0
33 verbose from cache /Users/ryanstewart/.npm/grunt-contrib-imagemin/0.7.0/package/package.json
34 info /usr/local/lib/node_modules/grunt-contrib-imagemin unbuild
35 verbose read json /usr/local/lib/node_modules/grunt-contrib-imagemin/package.json
36 verbose tar unpack /Users/ryanstewart/.npm/grunt-contrib-imagemin/0.7.0/package.tgz
37 silly lockFile 9efe3772-e-modules-grunt-contrib-imagemin /usr/local/lib/node_modules/grunt-contrib-imagemin
38 verbose lock /usr/local/lib/node_modules/grunt-contrib-imagemin /Users/ryanstewart/.npm/9efe3772-e-modules-grunt-contrib-imagemin.lock
39 silly lockFile 6b7f5a88-ntrib-imagemin-0-7-0-package-tgz /Users/ryanstewart/.npm/grunt-contrib-imagemin/0.7.0/package.tgz
40 verbose lock /Users/ryanstewart/.npm/grunt-contrib-imagemin/0.7.0/package.tgz /Users/ryanstewart/.npm/6b7f5a88-ntrib-imagemin-0-7-0-package-tgz.lock
41 silly gunzTarPerm modes [ '755', '644' ]
42 silly gunzTarPerm extractEntry package.json
43 silly gunzTarPerm extractEntry README.md
44 silly gunzTarPerm extractEntry LICENSE-MIT
45 silly gunzTarPerm extractEntry tasks/imagemin.js
46 verbose read json /usr/local/lib/node_modules/grunt-contrib-imagemin/package.json
47 silly lockFile 9efe3772-e-modules-grunt-contrib-imagemin /usr/local/lib/node_modules/grunt-contrib-imagemin
48 silly lockFile 9efe3772-e-modules-grunt-contrib-imagemin /usr/local/lib/node_modules/grunt-contrib-imagemin
49 silly lockFile 6b7f5a88-ntrib-imagemin-0-7-0-package-tgz /Users/ryanstewart/.npm/grunt-contrib-imagemin/0.7.0/package.tgz
50 silly lockFile 6b7f5a88-ntrib-imagemin-0-7-0-package-tgz /Users/ryanstewart/.npm/grunt-contrib-imagemin/0.7.0/package.tgz
51 info preinstall grunt-contrib-imagemin@0.7.0
52 verbose from cache /usr/local/lib/node_modules/grunt-contrib-imagemin/package.json
53 verbose readDependencies using package.json deps
54 verbose from cache /usr/local/lib/node_modules/grunt-contrib-imagemin/package.json
55 verbose readDependencies using package.json deps
56 verbose cache add [ 'async@^0.7.0', null ]
57 verbose cache add name=undefined spec="async@^0.7.0" args=["async@^0.7.0",null]
58 verbose parsed url { protocol: null,
58 verbose parsed url   slashes: null,
58 verbose parsed url   auth: null,
58 verbose parsed url   host: null,
58 verbose parsed url   port: null,
58 verbose parsed url   hostname: null,
58 verbose parsed url   hash: null,
58 verbose parsed url   search: null,
58 verbose parsed url   query: null,
58 verbose parsed url   pathname: 'async@^0.7.0',
58 verbose parsed url   path: 'async@^0.7.0',
58 verbose parsed url   href: 'async@^0.7.0' }
59 verbose cache add name="async" spec="^0.7.0" args=["async","^0.7.0"]
60 verbose parsed url { protocol: null,
60 verbose parsed url   slashes: null,
60 verbose parsed url   auth: null,
60 verbose parsed url   host: null,
60 verbose parsed url   port: null,
60 verbose parsed url   hostname: null,
60 verbose parsed url   hash: null,
60 verbose parsed url   search: null,
60 verbose parsed url   query: null,
60 verbose parsed url   pathname: '^0.7.0',
60 verbose parsed url   path: '^0.7.0',
60 verbose parsed url   href: '^0.7.0' }
61 verbose addNamed [ 'async', '^0.7.0' ]
62 verbose addNamed [ null, null ]
63 silly lockFile 7d27af2a-async-0-7-0 async@^0.7.0
64 verbose lock async@^0.7.0 /Users/ryanstewart/.npm/7d27af2a-async-0-7-0.lock
65 verbose cache add [ 'chalk@^0.4.0', null ]
66 verbose cache add name=undefined spec="chalk@^0.4.0" args=["chalk@^0.4.0",null]
67 verbose parsed url { protocol: null,
67 verbose parsed url   slashes: null,
67 verbose parsed url   auth: null,
67 verbose parsed url   host: null,
67 verbose parsed url   port: null,
67 verbose parsed url   hostname: null,
67 verbose parsed url   hash: null,
67 verbose parsed url   search: null,
67 verbose parsed url   query: null,
67 verbose parsed url   pathname: 'chalk@^0.4.0',
67 verbose parsed url   path: 'chalk@^0.4.0',
67 verbose parsed url   href: 'chalk@^0.4.0' }
68 verbose cache add name="chalk" spec="^0.4.0" args=["chalk","^0.4.0"]
69 verbose parsed url { protocol: null,
69 verbose parsed url   slashes: null,
69 verbose parsed url   auth: null,
69 verbose parsed url   host: null,
69 verbose parsed url   port: null,
69 verbose parsed url   hostname: null,
69 verbose parsed url   hash: null,
69 verbose parsed url   search: null,
69 verbose parsed url   query: null,
69 verbose parsed url   pathname: '^0.4.0',
69 verbose parsed url   path: '^0.4.0',
69 verbose parsed url   href: '^0.4.0' }
70 verbose addNamed [ 'chalk', '^0.4.0' ]
71 verbose addNamed [ null, null ]
72 silly lockFile b2f4396d-chalk-0-4-0 chalk@^0.4.0
73 verbose lock chalk@^0.4.0 /Users/ryanstewart/.npm/b2f4396d-chalk-0-4-0.lock
74 info addNameTag [ 'async', '^0.7.0' ]
75 verbose cache add [ 'mkdirp@^0.4.0', null ]
76 verbose cache add name=undefined spec="mkdirp@^0.4.0" args=["mkdirp@^0.4.0",null]
77 verbose parsed url { protocol: null,
77 verbose parsed url   slashes: null,
77 verbose parsed url   auth: null,
77 verbose parsed url   host: null,
77 verbose parsed url   port: null,
77 verbose parsed url   hostname: null,
77 verbose parsed url   hash: null,
77 verbose parsed url   search: null,
77 verbose parsed url   query: null,
77 verbose parsed url   pathname: 'mkdirp@^0.4.0',
77 verbose parsed url   path: 'mkdirp@^0.4.0',
77 verbose parsed url   href: 'mkdirp@^0.4.0' }
78 verbose cache add name="mkdirp" spec="^0.4.0" args=["mkdirp","^0.4.0"]
79 verbose parsed url { protocol: null,
79 verbose parsed url   slashes: null,
79 verbose parsed url   auth: null,
79 verbose parsed url   host: null,
79 verbose parsed url   port: null,
79 verbose parsed url   hostname: null,
79 verbose parsed url   hash: null,
79 verbose parsed url   search: null,
79 verbose parsed url   query: null,
79 verbose parsed url   pathname: '^0.4.0',
79 verbose parsed url   path: '^0.4.0',
79 verbose parsed url   href: '^0.4.0' }
80 verbose addNamed [ 'mkdirp', '^0.4.0' ]
81 verbose addNamed [ null, null ]
82 silly lockFile 51192039-mkdirp-0-4-0 mkdirp@^0.4.0
83 verbose lock mkdirp@^0.4.0 /Users/ryanstewart/.npm/51192039-mkdirp-0-4-0.lock
84 verbose cache add [ 'imagemin@^0.4.5', null ]
85 verbose cache add name=undefined spec="imagemin@^0.4.5" args=["imagemin@^0.4.5",null]
86 verbose parsed url { protocol: null,
86 verbose parsed url   slashes: null,
86 verbose parsed url   auth: null,
86 verbose parsed url   host: null,
86 verbose parsed url   port: null,
86 verbose parsed url   hostname: null,
86 verbose parsed url   hash: null,
86 verbose parsed url   search: null,
86 verbose parsed url   query: null,
86 verbose parsed url   pathname: 'imagemin@^0.4.5',
86 verbose parsed url   path: 'imagemin@^0.4.5',
86 verbose parsed url   href: 'imagemin@^0.4.5' }
87 verbose cache add name="imagemin" spec="^0.4.5" args=["imagemin","^0.4.5"]
88 verbose parsed url { protocol: null,
88 verbose parsed url   slashes: null,
88 verbose parsed url   auth: null,
88 verbose parsed url   host: null,
88 verbose parsed url   port: null,
88 verbose parsed url   hostname: null,
88 verbose parsed url   hash: null,
88 verbose parsed url   search: null,
88 verbose parsed url   query: null,
88 verbose parsed url   pathname: '^0.4.5',
88 verbose parsed url   path: '^0.4.5',
88 verbose parsed url   href: '^0.4.5' }
89 verbose addNamed [ 'imagemin', '^0.4.5' ]
90 verbose addNamed [ null, null ]
91 silly lockFile 8cb07714-imagemin-0-4-5 imagemin@^0.4.5
92 verbose lock imagemin@^0.4.5 /Users/ryanstewart/.npm/8cb07714-imagemin-0-4-5.lock
93 verbose cache add [ 'pretty-bytes@^0.1.0', null ]
94 verbose cache add name=undefined spec="pretty-bytes@^0.1.0" args=["pretty-bytes@^0.1.0",null]
95 verbose parsed url { protocol: null,
95 verbose parsed url   slashes: null,
95 verbose parsed url   auth: null,
95 verbose parsed url   host: null,
95 verbose parsed url   port: null,
95 verbose parsed url   hostname: null,
95 verbose parsed url   hash: null,
95 verbose parsed url   search: null,
95 verbose parsed url   query: null,
95 verbose parsed url   pathname: 'pretty-bytes@^0.1.0',
95 verbose parsed url   path: 'pretty-bytes@^0.1.0',
95 verbose parsed url   href: 'pretty-bytes@^0.1.0' }
96 verbose cache add name="pretty-bytes" spec="^0.1.0" args=["pretty-bytes","^0.1.0"]
97 verbose parsed url { protocol: null,
97 verbose parsed url   slashes: null,
97 verbose parsed url   auth: null,
97 verbose parsed url   host: null,
97 verbose parsed url   port: null,
97 verbose parsed url   hostname: null,
97 verbose parsed url   hash: null,
97 verbose parsed url   search: null,
97 verbose parsed url   query: null,
97 verbose parsed url   pathname: '^0.1.0',
97 verbose parsed url   path: '^0.1.0',
97 verbose parsed url   href: '^0.1.0' }
98 verbose addNamed [ 'pretty-bytes', '^0.1.0' ]
99 verbose addNamed [ null, null ]
100 silly lockFile e9c8a3c5-pretty-bytes-0-1-0 pretty-bytes@^0.1.0
101 verbose lock pretty-bytes@^0.1.0 /Users/ryanstewart/.npm/e9c8a3c5-pretty-bytes-0-1-0.lock
102 info addNameTag [ 'chalk', '^0.4.0' ]
103 info addNameTag [ 'mkdirp', '^0.4.0' ]
104 info addNameTag [ 'imagemin', '^0.4.5' ]
105 info addNameTag [ 'pretty-bytes', '^0.1.0' ]
106 verbose url raw async
107 verbose url resolving [ 'https://registry.npmjs.org/', './async' ]
108 verbose url resolved https://registry.npmjs.org/async
109 info trying registry request attempt 1 at 21:02:00
110 verbose etag "C8I44DC8ZJBS69TR7RWT7PU76"
111 http GET https://registry.npmjs.org/async
112 verbose url raw chalk
113 verbose url resolving [ 'https://registry.npmjs.org/', './chalk' ]
114 verbose url resolved https://registry.npmjs.org/chalk
115 info trying registry request attempt 1 at 21:02:00
116 verbose etag "F54GIATV4PEMLQSRLOGZ91492"
117 http GET https://registry.npmjs.org/chalk
118 verbose url raw mkdirp
119 verbose url resolving [ 'https://registry.npmjs.org/', './mkdirp' ]
120 verbose url resolved https://registry.npmjs.org/mkdirp
121 info trying registry request attempt 1 at 21:02:00
122 verbose etag "5KWGHLRMV53S6VPABRZPQTAND"
123 http GET https://registry.npmjs.org/mkdirp
124 verbose url raw imagemin
125 verbose url resolving [ 'https://registry.npmjs.org/', './imagemin' ]
126 verbose url resolved https://registry.npmjs.org/imagemin
127 info trying registry request attempt 1 at 21:02:00
128 verbose etag "50BBI3RPBTOZOYZA5PXPXV8V8"
129 http GET https://registry.npmjs.org/imagemin
130 verbose url raw pretty-bytes
131 verbose url resolving [ 'https://registry.npmjs.org/', './pretty-bytes' ]
132 verbose url resolved https://registry.npmjs.org/pretty-bytes
133 info trying registry request attempt 1 at 21:02:00
134 verbose etag "7I6Y041S4JZ64FNXO8CT20F9B"
135 http GET https://registry.npmjs.org/pretty-bytes
136 http 304 https://registry.npmjs.org/pretty-bytes
137 silly registry.get cb [ 304,
137 silly registry.get   { date: 'Mon, 19 May 2014 04:02:00 GMT',
137 silly registry.get     server: 'CouchDB/1.5.0 (Erlang OTP/R14B04)',
137 silly registry.get     etag: '"7I6Y041S4JZ64FNXO8CT20F9B"',
137 silly registry.get     'accept-ranges': 'bytes',
137 silly registry.get     via: '1.1 varnish',
137 silly registry.get     'cache-control': 'max-age=1',
137 silly registry.get     'x-served-by': 'cache-v36-ASH, cache-sv60-SJC3',
137 silly registry.get     'x-cache': 'MISS, MISS',
137 silly registry.get     'x-cache-hits': '0, 0',
137 silly registry.get     'x-timer': 'S1400472120.497663975,VS0,VS36,VE118,VE157',
137 silly registry.get     'content-length': '0',
137 silly registry.get     'keep-alive': 'timeout=10, max=50',
137 silly registry.get     connection: 'Keep-Alive' } ]
138 verbose etag pretty-bytes from cache
139 silly lockFile e9c8a3c5-pretty-bytes-0-1-0 pretty-bytes@^0.1.0
140 silly lockFile e9c8a3c5-pretty-bytes-0-1-0 pretty-bytes@^0.1.0
141 verbose about to build /usr/local/lib/node_modules/grunt-contrib-imagemin
142 info /usr/local/lib/node_modules/grunt-contrib-imagemin unbuild
143 verbose from cache /usr/local/lib/node_modules/grunt-contrib-imagemin/package.json
144 info preuninstall grunt-contrib-imagemin@0.7.0
145 info uninstall grunt-contrib-imagemin@0.7.0
146 verbose true,/usr/local/lib/node_modules,/usr/local/lib/node_modules unbuild grunt-contrib-imagemin@0.7.0
147 info postuninstall grunt-contrib-imagemin@0.7.0
148 error Error: No compatible version found: pretty-bytes@'^0.1.0'
148 error Valid install targets:
148 error ["0.1.0","0.1.1"]
148 error     at installTargetsError (/usr/local/lib/node_modules/npm/lib/cache.js:709:10)
148 error     at /usr/local/lib/node_modules/npm/lib/cache.js:631:10
148 error     at saved (/usr/local/lib/node_modules/npm/node_modules/npm-registry-client/lib/get.js:138:7)
148 error     at Object.oncomplete (fs.js:107:15)
149 error If you need help, you may report this log at:
149 error     <http://github.com/isaacs/npm/issues>
149 error or email it to:
149 error     <npm-@googlegroups.com>
150 error System Darwin 13.1.0
151 error command "/usr/local/bin/node" "/usr/local/bin/npm" "install" "grunt-contrib-imagemin" "--save-dev" "-g"
152 error cwd /Users/ryanstewart/Creative Cloud Files/digitalbackcountry-redesign/ryanstewart.net
153 error node -v v0.10.10
154 error npm -v 1.2.25
155 verbose exit [ 1, true ]
